Release 14.7 - xst P.20131013 (nt64)
Copyright (c) 1995-2013 Xilinx, Inc.  All rights reserved.
--> Parameter TMPDIR set to xst/projnav.tmp


Total REAL time to Xst completion: 0.00 secs
Total CPU time to Xst completion: 0.16 secs
 
--> Parameter xsthdpdir set to xst


Total REAL time to Xst completion: 0.00 secs
Total CPU time to Xst completion: 0.16 secs
 
--> Reading design: simon.prj

TABLE OF CONTENTS
  1) Synthesis Options Summary
  2) HDL Compilation
  3) Design Hierarchy Analysis
  4) HDL Analysis
  5) HDL Synthesis
     5.1) HDL Synthesis Report
  6) Advanced HDL Synthesis
     6.1) Advanced HDL Synthesis Report
  7) Low Level Synthesis
  8) Partition Report
  9) Final Report
	9.1) Device utilization summary
	9.2) Partition Resource Summary
	9.3) TIMING REPORT


=========================================================================
*                      Synthesis Options Summary                        *
=========================================================================
---- Source Parameters
Input File Name                    : "simon.prj"
Input Format                       : mixed
Ignore Synthesis Constraint File   : NO

---- Target Parameters
Output File Name                   : "simon"
Output Format                      : NGC
Target Device                      : xa3s1000-4-ftg256

---- Source Options
Top Module Name                    : simon
Automatic FSM Extraction           : YES
FSM Encoding Algorithm             : Auto
Safe Implementation                : No
FSM Style                          : LUT
RAM Extraction                     : Yes
RAM Style                          : Auto
ROM Extraction                     : Yes
Mux Style                          : Auto
Decoder Extraction                 : YES
Priority Encoder Extraction        : Yes
Shift Register Extraction          : YES
Logical Shifter Extraction         : YES
XOR Collapsing                     : YES
ROM Style                          : Auto
Mux Extraction                     : Yes
Resource Sharing                   : YES
Asynchronous To Synchronous        : NO
Multiplier Style                   : Auto
Automatic Register Balancing       : No

---- Target Options
Add IO Buffers                     : YES
Global Maximum Fanout              : 100000
Add Generic Clock Buffer(BUFG)     : 8
Register Duplication               : YES
Slice Packing                      : YES
Optimize Instantiated Primitives   : NO
Use Clock Enable                   : Yes
Use Synchronous Set                : Yes
Use Synchronous Reset              : Yes
Pack IO Registers into IOBs        : Auto
Equivalent register Removal        : YES

---- General Options
Optimization Goal                  : Speed
Optimization Effort                : 1
Keep Hierarchy                     : No
Netlist Hierarchy                  : As_Optimized
RTL Output                         : Yes
Global Optimization                : AllClockNets
Read Cores                         : YES
Write Timing Constraints           : NO
Cross Clock Analysis               : NO
Hierarchy Separator                : /
Bus Delimiter                      : <>
Case Specifier                     : Maintain
Slice Utilization Ratio            : 100
BRAM Utilization Ratio             : 100
Verilog 2001                       : YES
Auto BRAM Packing                  : NO
Slice Utilization Ratio Delta      : 5

=========================================================================


=========================================================================
*                          HDL Compilation                              *
=========================================================================
Compiling vhdl file "//cs1/2017/jthomas17/CS373-1/StepOne/Step1.vhd" in Library work.
Architecture behavioral of Entity simon is up to date.

=========================================================================
*                     Design Hierarchy Analysis                         *
=========================================================================
Analyzing hierarchy for entity <simon> in library <work> (architecture <behavioral>).


=========================================================================
*                            HDL Analysis                               *
=========================================================================
Analyzing Entity <simon> in library <work> (Architecture <behavioral>).
Entity <simon> analyzed. Unit <simon> generated.


=========================================================================
*                           HDL Synthesis                               *
=========================================================================

Performing bidirectional port resolution...

Synthesizing Unit <simon>.
    Related source file is "//cs1/2017/jthomas17/CS373-1/StepOne/Step1.vhd".
    Using one-hot encoding for signal <cstate>.
WARNING:Xst:737 - Found 8-bit latch for signal <cstate>. Latches may be generated from incomplete case or if statements. We do not recommend the use of latches in FPGA/CPLD designs, as they may lead to timing problems.
INFO:Xst:2371 - HDL ADVISOR - Logic functions respectively driving the data and gate enable inputs of this latch share common terms. This situation will potentially lead to setup/hold violations and, as a result, to simulation problems. This situation may come from an incomplete case statement (all selector values are not covered). You should carefully review if it was in your intentions to describe such a latch.
    Found 1-bit register for signal <cpu_in>.
    Summary:
	inferred   1 D-type flip-flop(s).
Unit <simon> synthesized.


=========================================================================
HDL Synthesis Report

Macro Statistics
# Registers                                            : 1
 1-bit register                                        : 1
# Latches                                              : 1
 8-bit latch                                           : 1

=========================================================================

=========================================================================
*                       Advanced HDL Synthesis                          *
=========================================================================


=========================================================================
Advanced HDL Synthesis Report

Macro Statistics
# Registers                                            : 1
 Flip-Flops                                            : 1
# Latches                                              : 1
 8-bit latch                                           : 1

=========================================================================

=========================================================================
*                         Low Level Synthesis                           *
=========================================================================
WARNING:Xst:2677 - Node <cstate_0> of sequential type is unconnected in block <simon>.

Optimizing unit <simon> ...

Mapping all equations...
Building and optimizing final netlist ...
Found area constraint ratio of 100 (+ 5) on block simon, actual ratio is 0.
Latch cstate_7 has been replicated 1 time(s) to handle iob=true attribute.

Final Macro Processing ...

=========================================================================
Final Register Report

Macro Statistics
# Registers                                            : 1
 Flip-Flops                                            : 1

=========================================================================

=========================================================================
*                           Partition Report                            *
=========================================================================

Partition Implementation Status
-------------------------------

  No Partitions were found in this design.

-------------------------------

=========================================================================
*                            Final Report                               *
=========================================================================
Final Results
RTL Top Level Output File Name     : simon.ngr
Top Level Output File Name         : simon
Output Format                      : NGC
Optimization Goal                  : Speed
Keep Hierarchy                     : No

Design Statistics
# IOs                              : 9

Cell Usage :
# BELS                             : 12
#      LUT3                        : 1
#      LUT4                        : 10
#      VCC                         : 1
# FlipFlops/Latches                : 9
#      FDR                         : 1
#      LD                          : 8
# Clock Buffers                    : 1
#      BUFGP                       : 1
# IO Buffers                       : 8
#      IBUF                        : 4
#      OBUF                        : 4
=========================================================================

Device utilization summary:
---------------------------

Selected Device : xa3s1000ftg256-4 

 Number of Slices:                        6  out of   7680     0%  
 Number of Slice Flip Flops:              8  out of  15360     0%  
 Number of 4 input LUTs:                 11  out of  15360     0%  
 Number of IOs:                           9
 Number of bonded IOBs:                   9  out of    173     5%  
    IOB Flip Flops:                       1
 Number of GCLKs:                         1  out of      8    12%  

---------------------------
Partition Resource Summary:
---------------------------

  No Partitions were found in this design.

---------------------------


=========================================================================
TIMING REPORT

NOTE: THESE TIMING NUMBERS ARE ONLY A SYNTHESIS ESTIMATE.
      FOR ACCURATE TIMING INFORMATION PLEASE REFER TO THE TRACE REPORT
      GENERATED AFTER PLACE-and-ROUTE.

Clock Information:
------------------
-----------------------------------+------------------------+-------+
Clock Signal                       | Clock buffer(FF name)  | Load  |
-----------------------------------+------------------------+-------+
cstate_not0001(cstate_not00011:O)  | NONE(*)(cstate_1)      | 8     |
clk50_in                           | BUFGP                  | 1     |
-----------------------------------+------------------------+-------+
(*) This 1 clock signal(s) are generated by combinatorial logic,
and XST is not able to identify which are the primary clock signals.
Please use the CLOCK_SIGNAL constraint to specify the clock signal(s) generated by combinatorial logic.
INFO:Xst:2169 - HDL ADVISOR - Some clock signals were not automatically buffered by XST with BUFG/BUFR resources. Please use the buffer_type constraint in order to insert these buffers to the clock signals to help prevent skew problems.

Asynchronous Control Signals Information:
----------------------------------------
No asynchronous control signals found in this design

Timing Summary:
---------------
Speed Grade: -4

   Minimum period: 2.667ns (Maximum Frequency: 374.953MHz)
   Minimum input arrival time before clock: 2.997ns
   Maximum output required time after clock: 8.845ns
   Maximum combinational path delay: No path found

Timing Detail:
--------------
All values displayed in nanoseconds (ns)

=========================================================================
Timing constraint: Default period analysis for Clock 'clk50_in'
  Clock period: 2.667ns (frequency: 374.953MHz)
  Total number of paths / destination ports: 1 / 1
-------------------------------------------------------------------------
Delay:               2.667ns (Levels of Logic = 0)
  Source:            cpu_in (FF)
  Destination:       cpu_in (FF)
  Source Clock:      clk50_in rising
  Destination Clock: clk50_in rising

  Data Path: cpu_in to cpu_in
                                Gate     Net
    Cell:in->out      fanout   Delay   Delay  Logical Name (Net Name)
    ----------------------------------------  ------------
     FDR:C->Q              5   0.720   0.921  cpu_in (cpu_in)
     FDR:R                     1.026          cpu_in
    ----------------------------------------
    Total                      2.667ns (1.746ns logic, 0.921ns route)
                                       (65.5% logic, 34.5% route)

=========================================================================
Timing constraint: Default OFFSET IN BEFORE for Clock 'cstate_not0001'
  Total number of paths / destination ports: 28 / 8
-------------------------------------------------------------------------
Offset:              2.997ns (Levels of Logic = 2)
  Source:            pState<0> (PAD)
  Destination:       cstate_1 (LATCH)
  Destination Clock: cstate_not0001 falling

  Data Path: pState<0> to cstate_1
                                Gate     Net
    Cell:in->out      fanout   Delay   Delay  Logical Name (Net Name)
    ----------------------------------------  ------------
     IBUF:I->O             8   0.821   1.422  pState_0_IBUF (pState_0_IBUF)
     LUT3:I0->O            1   0.551   0.000  cstate_mux0000<4>1 (cstate_mux0000<4>)
     LD:D                      0.203          cstate_4
    ----------------------------------------
    Total                      2.997ns (1.575ns logic, 1.422ns route)
                                       (52.6% logic, 47.4% route)

=========================================================================
Timing constraint: Default OFFSET OUT AFTER for Clock 'cstate_not0001'
  Total number of paths / destination ports: 13 / 4
-------------------------------------------------------------------------
Offset:              8.845ns (Levels of Logic = 2)
  Source:            cstate_6 (LATCH)
  Destination:       state<2> (PAD)
  Source Clock:      cstate_not0001 falling

  Data Path: cstate_6 to state<2>
                                Gate     Net
    Cell:in->out      fanout   Delay   Delay  Logical Name (Net Name)
    ----------------------------------------  ------------
     LD:G->Q               2   0.633   1.216  cstate_6 (cstate_6)
     LUT4:I0->O            1   0.551   0.801  state<2>1 (state_2_OBUF)
     OBUF:I->O                 5.644          state_2_OBUF (state<2>)
    ----------------------------------------
    Total                      8.845ns (6.828ns logic, 2.017ns route)
                                       (77.2% logic, 22.8% route)

=========================================================================


Total REAL time to Xst completion: 6.00 secs
Total CPU time to Xst completion: 5.59 secs
 
--> 

Total memory usage is 310748 kilobytes

Number of errors   :    0 (   0 filtered)
Number of warnings :    2 (   0 filtered)
Number of infos    :    2 (   0 filtered)

